Cost 852.0
Edges 608
E 2 1
E 3 1
E 5 1
E 6 2
E 7 3
E 8 6
E 9 1
E 10 2
E 11 3
E 12 10
E 14 6
E 15 7
E 16 8
E 17 1
E 18 2
E 19 3
E 20 18
E 21 5
E 22 6
E 24 8
E 27 11
E 28 12
E 29 21
E 30 14
E 31 15
E 32 16
E 33 1
E 34 2
E 35 3
E 36 34
E 38 6
E 39 7
E 40 8
E 41 9
E 42 10
E 43 11
E 44 12
E 45 41
E 46 14
E 47 15
E 49 17
E 50 18
E 51 19
E 52 20
E 53 21
E 54 22
E 55 39
E 56 24
E 57 41
E 58 42
E 60 28
E 61 29
E 62 30
E 63 31
E 64 32
E 65 1
E 67 3
E 69 5
E 70 6
E 71 7
E 72 8
E 73 9
E 74 10
E 75 11
E 77 69
E 78 14
E 79 15
E 80 16
E 81 17
E 82 18
E 83 19
E 84 20
E 85 21
E 86 22
E 87 71
E 88 24
E 89 73
E 90 74
E 91 27
E 92 28
E 93 29
E 94 30
E 96 32
E 97 33
E 98 34
E 99 35
E 100 36
E 101 69
E 102 38
E 103 39
E 104 40
E 106 42
E 107 43
E 108 44
E 109 45
E 110 46
E 111 47
E 112 80
E 113 49
E 114 50
E 115 51
E 116 52
E 117 53
E 119 55
E 120 56
E 121 57
E 122 58
E 123 91
E 124 60
E 125 61
E 126 62
E 127 63
E 128 64
E 129 1
E 130 2
E 132 130
E 133 5
E 134 6
E 135 7
E 136 8
E 137 9
E 138 10
E 141 133
E 142 14
E 143 15
E 144 16
E 146 18
E 147 19
E 148 20
E 149 21
E 150 22
E 154 138
E 155 27
E 157 29
E 158 30
E 159 31
E 160 32
E 163 35
E 165 133
E 166 38
E 168 40
E 169 41
E 171 43
E 172 44
E 174 46
E 175 47
E 176 144
E 177 49
E 178 50
E 179 51
E 180 52
E 181 53
E 182 54
E 184 56
E 185 57
E 186 58
E 187 155
E 188 60
E 190 62
E 191 63
E 192 64
E 193 65
E 194 130
E 195 67
E 196 132
E 198 70
E 201 73
E 202 74
E 203 75
E 205 77
E 207 79
E 208 80
E 209 81
E 210 82
E 213 85
E 214 86
E 215 87
E 217 89
E 218 90
E 219 91
E 220 92
E 221 93
E 224 96
E 225 97
E 226 98
E 228 100
E 229 101
E 231 103
E 232 104
E 233 169
E 236 108
E 237 109
E 238 110
E 242 114
E 244 116
E 245 117
E 247 119
E 248 120
E 251 123
E 254 126
E 255 127
E 256 128
E 258 2
E 261 5
E 263 7
E 265 9
E 268 12
E 273 17
E 277 21
E 281 265
E 283 27
E 284 28
E 285 29
E 287 31
E 288 32
E 290 34
E 291 35
E 293 261
E 294 38
E 298 42
E 301 45
E 303 47
E 306 50
E 307 51
E 310 54
E 312 56
E 316 60
E 317 61
E 319 63
E 326 70
E 328 72
E 329 73
E 331 75
E 338 82
E 340 84
E 350 94
E 351 287
E 353 97
E 354 98
E 355 99
E 364 108
E 368 112
E 374 310
E 377 121
E 388 132
E 391 135
E 396 268
E 397 141
E 399 143
E 401 273
E 403 147
E 404 148
E 410 154
E 416 160
E 418 290
E 419 163
E 422 166
E 431 175
E 432 176
E 433 177
E 437 181
E 442 186
E 445 317
E 447 191
E 450 194
E 454 198
E 458 202
E 459 203
E 461 205
E 465 209
E 471 215
E 480 224
E 482 226
E 487 231
E 492 236
E 493 237
E 494 238
E 498 242
E 500 244
E 503 247
E 504 248
E 507 251
E 510 254
E 511 255
E 513 1
E 514 2
E 515 3
E 516 514
E 526 14
E 527 15
E 531 19
E 539 27
E 552 40
E 553 41
E 573 61
E 574 62
E 580 516
E 581 69
E 600 88
E 602 90
E 603 91
E 610 98
E 614 102
E 623 111
E 627 115
E 631 119
E 634 122
E 650 138
E 661 149
E 662 150
E 667 155
E 669 157
E 677 165
E 681 169
E 684 172
E 690 178
E 696 184
E 708 196
E 720 208
E 726 214
E 733 221
E 741 229
E 751 623
E 755 627
E 762 634
E 770 258
E 782 526
E 789 277
E 796 284
E 803 291
E 813 301
E 819 307
E 828 316
E 841 329
E 843 331
E 863 351
E 876 364
E 880 368
E 886 374
E 903 391
E 913 401
E 928 416
E 930 418
E 934 422
E 937 681
E 957 445
E 959 447
E 970 458
E 971 459
E 977 465
E 992 480
E 997 741
E 999 487
E 1012 500
E 1029 5
E 1033 9
E 1048 24
E 1095 71
E 1103 79
E 1107 83
E 1148 124
E 1183 159
E 1352 328
E 1401 377
E 4 2
E 13 5
E 23 7
E 25 9
E 26 10
E 37 5
E 48 16
E 59 27
E 66 2
E 68 67
E 76 12
E 95 31
E 105 41
E 118 54
E 139 11
E 140 12
E 145 17
E 162 34
E 183 55
E 189 61
E 199 71
E 206 78
E 216 88
E 239 111
E 243 115
E 246 182
E 250 122
E 257 1
E 270 14
E 280 24
E 292 36
E 297 41
E 299 43
E 318 62
E 330 74
E 335 79
E 339 83
E 341 85
E 348 92
E 359 103
E 362 106
E 366 110
E 369 113
E 373 117
E 375 119
E 380 124
E 389 133
E 398 142
E 402 146
E 406 150
E 415 159
E 424 168
E 425 169
E 427 171
E 435 179
E 448 192
E 451 195
E 464 208
E 473 217
E 476 220
E 477 221
E 484 228
E 485 229
E 518 6
E 519 7
E 524 12
E 535 531
E 547 35
E 561 49
E 562 50
E 571 539
E 586 74
E 588 580
E 593 81
E 606 94
E 611 99
E 621 109
E 628 116
E 640 128
E 646 134
E 649 137
E 660 148
E 672 160
E 675 163
E 686 174
E 699 187
E 700 188
E 702 190
E 705 193
E 719 207
E 722 210
E 731 219
E 744 232
E 745 233
E 750 238
E 757 245
E 769 513
E 795 283
E 797 285
E 800 288
E 805 293
E 810 298
E 815 303
E 824 312
E 838 326
E 840 328
E 850 338
E 867 355
E 889 377
E 900 388
E 911 399
E 916 404
E 918 662
E 922 410
E 943 431
E 945 433
E 973 461
E 983 471
E 994 482
E 1004 492
E 1015 503
E 1022 510
E 1023 511
E 1027 3
E 1042 18
E 1046 22
E 1049 1033
E 1056 32
E 1061 1029
E 1066 42
E 1076 52
E 1080 56
E 1093 69
E 1102 78
E 1128 104
E 1131 107
E 1137 113
E 1149 125
E 1153 129
E 1160 136
E 1182 158
E 1190 166
E 1199 175
E 1204 180
E 1209 185
E 1223 1095
E 1225 201
E 1237 213
E 1239 215
E 1242 218
E 1244 220
E 1249 225
E 1260 236
E 1280 256
E 1287 263
E 1292 268
E 1304 1048
E 1305 281
E 1318 294
E 1330 306
E 1343 319
E 1359 1103
E 1363 1107
E 1364 340
E 1374 350
E 1377 353
E 1378 354
E 1404 1148
E 1420 396
E 1421 397
E 1427 403
E 1439 1183
E 1443 419
E 1456 432
E 1461 437
E 1466 442
E 1474 450
E 1478 454
E 1517 493
E 1518 494
E 1522 498
E 1528 504
E 1531 507
E 1539 515
E 1551 527
E 1555 531
E 1576 552
E 1577 553
E 1597 573
E 1598 574
E 1605 581
E 1624 600
E 1626 602
E 1627 603
E 1634 610
E 1638 614
E 1655 631
E 1658 634
E 1674 650
E 1685 661
E 1691 667
E 1693 669
E 1701 677
E 1708 684
E 1714 690
E 1720 696
E 1732 708
E 1744 720
E 1750 726
E 1757 733
E 1775 751
E 1779 755
E 1786 762
E 1794 770
E 1806 782
E 1813 789
E 1820 796
E 1827 803
E 1837 813
E 1843 819
E 1852 828
E 1864 1352
E 1865 841
E 1867 843
E 1887 863
E 1900 876
E 1904 880
E 1910 886
E 1913 1401
E 1927 903
E 1937 913
E 1952 928
E 1954 930
E 1958 934
E 1961 937
E 1981 957
E 1983 959
E 1994 970
E 1995 971
E 2001 977
E 2016 992
E 2021 997
E 2023 999
E 2036 1012
