Cost 83897.0
Edges 833
E 1 513
E 1 9
E 2 66
E 2 34
E 2 6
E 3 515
E 4 20
E 6 518
E 7 15
E 8 16
E 9 265
E 16 528
E 16 144
E 21 53
E 22 24
E 34 290
E 34 162
E 35 39
E 38 294
E 41 57
E 46 174
E 50 306
E 53 55
E 54 566
E 55 567
E 55 119
E 57 58
E 58 62
E 58 60
E 61 63
E 62 318
E 62 126
E 64 576
E 67 68
E 68 100
E 69 197
E 71 583
E 73 585
E 73 74
E 74 106
E 75 587
E 77 589
E 81 593
E 82 84
E 85 213
E 86 88
E 87 599
E 87 119
E 88 216
E 91 603
E 96 608
E 97 353
E 98 610
E 98 106
E 99 107
E 100 356
E 105 361
E 105 233
E 105 107
E 112 240
E 115 116
E 118 630
E 119 120
E 121 125
E 125 127
E 126 254
E 131 135
E 133 389
E 137 649
E 139 171
E 141 653
E 141 142
E 143 144
E 144 656
E 146 178
E 148 404
E 156 412
E 157 413
E 160 672
E 162 164
E 166 168
E 171 235
E 173 685
E 177 433
E 178 186
E 186 698
E 187 443
E 188 252
E 188 192
E 190 254
E 191 255
E 193 195
E 195 196
E 197 198
E 203 715
E 205 461
E 216 728
E 217 218
E 219 220
E 221 223
E 226 738
E 229 237
E 233 237
E 234 236
E 235 747
E 239 495
E 245 246
E 249 505
E 249 251
E 251 255
E 254 766
E 262 264
E 263 295
E 263 271
E 268 780
E 271 272
E 272 304
E 273 305
E 277 405
E 280 288
E 285 286
E 289 417
E 290 294
E 295 296
E 297 299
E 297 298
E 298 810
E 305 307
E 307 315
E 313 314
E 316 320
E 319 447
E 321 353
E 322 834
E 322 324
E 323 324
E 324 452
E 328 336
E 330 332
E 331 332
E 332 348
E 333 349
E 337 339
E 341 469
E 342 350
E 345 349
E 353 354
E 355 359
E 356 360
E 358 870
E 358 366
E 359 487
E 361 363
E 363 491
E 364 368
E 367 495
E 367 383
E 368 496
E 375 503
E 379 380
E 380 892
E 385 386
E 387 451
E 390 422
E 398 910
E 399 431
E 401 433
E 407 471
E 413 415
E 419 435
E 419 427
E 421 423
E 422 486
E 423 487
E 423 424
E 427 491
E 430 494
E 433 434
E 434 436
E 435 439
E 436 500
E 438 950
E 441 445
E 447 511
E 447 448
E 448 960
E 452 964
E 453 455
E 458 970
E 459 475
E 459 460
E 460 492
E 461 462
E 466 978
E 470 478
E 474 506
E 477 509
E 483 499
E 487 999
E 489 505
E 494 510
E 505 509
E 505 506
E 513 514
E 514 578
E 515 771
E 517 518
E 520 584
E 520 528
E 521 537
E 523 779
E 524 540
E 531 563
E 532 536
E 535 536
E 538 570
E 539 571
E 540 668
E 540 604
E 540 572
E 540 544
E 544 576
E 548 564
E 551 807
E 552 680
E 555 811
E 558 574
E 562 570
E 564 692
E 564 568
E 566 630
E 566 574
E 567 695
E 568 696
E 570 826
E 572 636
E 575 576
E 577 593
E 578 834
E 578 610
E 579 595
E 579 580
E 580 612
E 581 589
E 587 715
E 589 717
E 591 623
E 591 607
E 594 722
E 594 626
E 595 599
E 597 853
E 597 629
E 598 854
E 602 606
E 603 604
E 605 637
E 611 612
E 621 877
E 622 878
E 625 626
E 629 630
E 632 760
E 636 892
E 649 681
E 650 666
E 651 683
E 664 728
E 665 729
E 666 922
E 667 731
E 667 699
E 670 702
E 673 737
E 673 675
E 674 682
E 677 679
E 680 696
E 695 703
E 698 702
E 700 956
E 703 704
E 707 963
E 709 965
E 709 741
E 710 742
E 710 718
E 713 969
E 726 728
E 727 735
E 737 745
E 741 997
E 741 749
E 745 747
E 753 757
E 753 755
E 758 1014
E 761 765
E 761 762
E 769 771
E 770 898
E 774 902
E 776 840
E 779 780
E 780 844
E 785 817
E 788 852
E 789 797
E 790 822
E 790 798
E 791 799
E 793 825
E 795 923
E 803 807
E 808 872
E 809 825
E 809 811
E 812 876
E 816 880
E 816 832
E 817 819
E 819 827
E 820 824
E 821 823
E 822 830
E 822 824
E 828 892
E 830 958
E 838 870
E 839 847
E 842 846
E 844 876
E 844 848
E 848 864
E 849 881
E 853 981
E 853 855
E 855 863
E 857 861
E 857 859
E 863 895
E 864 896
E 867 883
E 867 868
E 868 996
E 871 887
E 872 888
E 873 1001
E 878 894
E 879 1007
E 881 1009
E 883 1011
E 888 896
E 898 930
E 902 918
E 905 921
E 908 912
E 921 985
E 927 928
E 930 934
E 935 999
E 937 1001
E 937 941
E 939 940
E 940 1004
E 940 944
E 950 1014
E 960 1024
E 963 967
E 971 975
E 971 972
E 972 988
E 973 975
E 982 984
E 994 996
E 995 996
E 996 1012
E 996 1000
E 999 1000
E 1011 1019
E 3 7
E 7 135
E 10 42
E 13 77
E 15 271
E 15 47
E 15 31
E 17 529
E 17 49
E 18 22
E 19 275
E 19 20
E 20 84
E 21 22
E 22 150
E 22 54
E 22 30
E 27 31
E 31 63
E 35 43
E 38 40
E 39 167
E 39 55
E 40 296
E 42 298
E 43 299
E 43 171
E 44 172
E 49 113
E 52 564
E 53 61
E 54 310
E 58 570
E 59 571
E 60 188
E 64 320
E 67 99
E 67 75
E 68 580
E 69 581
E 72 104
E 72 80
E 76 332
E 77 333
E 77 109
E 77 79
E 81 89
E 84 116
E 85 597
E 87 343
E 93 125
E 95 351
E 95 96
E 96 128
E 98 102
E 99 115
E 102 614
E 103 359
E 104 120
E 113 115
E 114 242
E 114 118
E 116 124
E 117 119
E 118 374
E 121 377
E 126 128
E 127 383
E 129 145
E 129 130
E 130 386
E 133 645
E 135 151
E 138 170
E 139 395
E 140 156
E 141 173
E 147 403
E 147 211
E 151 159
E 154 186
E 156 668
E 159 671
E 159 415
E 162 226
E 164 168
E 166 678
E 167 679
E 168 232
E 168 176
E 171 683
E 171 172
E 172 684
E 173 237
E 176 240
E 177 185
E 179 183
E 183 439
E 184 192
E 185 441
E 187 191
E 187 188
E 197 453
E 198 454
E 202 714
E 206 222
E 211 243
E 211 219
E 213 245
E 216 472
E 218 250
E 220 476
E 221 477
E 225 481
E 225 241
E 229 231
E 231 247
E 232 744
E 233 249
E 233 234
E 236 748
E 238 750
E 242 498
E 244 500
E 245 501
E 246 758
E 252 764
E 253 509
E 255 511
E 259 275
E 265 393
E 266 778
E 272 400
E 273 401
E 275 279
E 275 276
E 277 285
E 277 278
E 280 792
E 281 409
E 281 283
E 286 414
E 289 290
E 290 292
E 296 424
E 305 369
E 310 822
E 314 442
E 315 316
E 321 323
E 322 338
E 327 343
E 330 362
E 332 364
E 337 345
E 339 467
E 342 470
E 348 380
E 353 361
E 357 365
E 361 362
E 372 500
E 378 380
E 385 387
E 388 452
E 390 398
E 392 904
E 393 409
E 395 399
E 397 461
E 397 413
E 401 465
E 402 406
E 403 435
E 403 407
E 404 916
E 404 436
E 406 470
E 407 919
E 413 414
E 414 478
E 415 416
E 417 481
E 417 425
E 418 422
E 419 483
E 425 426
E 426 442
E 428 492
E 435 947
E 439 503
E 449 961
E 449 450
E 452 468
E 453 469
E 454 486
E 455 487
E 457 489
E 458 460
E 460 476
E 466 470
E 470 982
E 472 480
E 476 508
E 481 482
E 489 1001
E 492 1004
E 503 1015
E 506 1018
E 513 545
E 513 521
E 515 519
E 517 525
E 519 647
E 519 527
E 523 587
E 525 781
E 525 541
E 526 782
E 531 539
E 533 597
E 533 565
E 534 598
E 534 536
E 537 569
E 539 603
E 541 797
E 544 672
E 550 552
E 554 682
E 554 558
E 555 559
E 557 813
E 559 575
E 560 816
E 569 573
E 573 701
E 581 583
E 582 584
E 583 711
E 593 601
E 597 605
E 601 729
E 602 858
E 603 731
E 603 607
E 605 606
E 607 735
E 608 736
E 609 613
E 614 622
E 626 882
E 626 630
E 629 757
E 636 640
E 641 673
E 645 901
E 645 661
E 645 647
E 646 662
E 659 915
E 662 726
E 664 696
E 664 672
E 666 668
E 668 700
E 671 927
E 673 689
E 674 690
E 681 745
E 685 749
E 690 946
E 696 952
E 698 954
E 702 958
E 705 961
E 705 737
E 712 744
E 720 736
E 730 732
E 742 758
E 743 751
E 744 752
E 746 762
E 746 750
E 749 765
E 770 786
E 771 803
E 771 775
E 774 838
E 778 842
E 781 909
E 781 813
E 782 784
E 785 793
E 787 915
E 788 916
E 789 917
E 789 791
E 790 918
E 794 922
E 796 800
E 797 829
E 800 832
E 801 805
E 801 802
E 802 810
E 805 821
E 811 875
E 811 815
E 828 832
E 837 869
E 839 967
E 846 878
E 854 862
E 859 863
E 861 862
E 865 867
E 869 870
E 875 879
E 881 889
E 885 893
E 897 899
E 900 964
E 905 969
E 909 911
E 913 917
E 929 937
E 938 954
E 953 955
E 955 1019
E 955 959
E 965 966
E 968 984
E 985 989
E 989 1021
E 6 8
E 11 27
E 12 28
E 16 32
E 25 537
E 32 288
E 37 293
E 46 62
E 50 52
E 56 568
E 71 199
E 72 328
E 76 588
E 81 85
E 82 210
E 82 90
E 88 600
E 88 344
E 89 93
E 130 146
E 154 218
E 161 177
E 170 172
E 174 686
E 174 430
E 193 449
E 227 243
E 240 256
E 255 767
E 258 386
E 261 389
E 262 390
E 262 326
E 264 776
E 266 270
E 282 794
E 289 293
E 295 311
E 301 813
E 309 311
E 317 445
E 317 381
E 320 384
E 323 835
E 333 365
E 377 889
E 392 424
E 400 912
E 408 416
E 418 420
E 420 932
E 422 934
E 456 968
E 459 463
E 463 975
E 467 979
E 482 484
E 493 509
E 494 1006
E 518 526
E 545 609
E 568 632
E 570 634
E 571 635
E 586 842
E 588 620
E 595 627
E 604 732
E 612 616
E 627 628
E 631 887
E 637 893
E 659 667
E 678 694
E 679 687
E 706 738
E 706 714
E 711 967
E 713 717
E 716 748
E 721 729
E 724 728
E 733 735
E 738 740
E 751 1007
E 795 827
E 814 816
E 873 874
E 897 905
E 917 949
E 917 925
E 976 1008
E 989 991
E 8 136
E 11 12
E 27 155
E 53 181
E 78 206
E 80 592
E 138 394
E 142 206
E 208 720
E 391 455
E 478 990
E 489 490
E 496 1008
E 503 504
E 613 621
E 644 900
E 658 690
E 715 719
E 722 754
E 770 772
E 871 879
E 56 312
E 585 617
E 841 842
