Cost 334770.0
Edges 3330
E 1 33
E 2 1026
E 2 514
E 2 66
E 2 18
E 3 4
E 6 134
E 7 519
E 7 135
E 8 520
E 8 24
E 11 523
E 12 28
E 13 2061
E 17 145
E 18 274
E 23 2071
E 23 151
E 26 154
E 26 90
E 27 28
E 28 156
E 30 2078
E 33 2081
E 36 548
E 38 46
E 41 105
E 41 45
E 42 298
E 42 58
E 44 556
E 44 48
E 45 2093
E 45 173
E 46 48
E 47 559
E 47 175
E 48 304
E 51 115
E 52 2100
E 52 60
E 52 56
E 54 566
E 55 56
E 56 64
E 57 313
E 57 59
E 59 315
E 62 190
E 64 192
E 65 321
E 66 322
E 67 323
E 67 75
E 68 580
E 69 77
E 73 2121
E 73 105
E 74 586
E 74 90
E 75 203
E 75 76
E 79 207
E 79 111
E 80 2128
E 84 596
E 86 118
E 88 1112
E 90 602
E 93 349
E 95 96
E 97 101
E 98 102
E 101 102
E 104 1128
E 105 233
E 106 1130
E 107 123
E 107 111
E 109 110
E 111 239
E 118 2166
E 118 126
E 123 379
E 123 127
E 127 383
E 130 134
E 131 139
E 133 134
E 134 136
E 136 648
E 139 395
E 140 2188
E 140 156
E 140 144
E 141 143
E 142 654
E 143 175
E 144 1168
E 145 177
E 146 148
E 153 185
E 159 671
E 159 191
E 161 1185
E 162 1186
E 163 2211
E 165 421
E 167 175
E 170 682
E 171 1195
E 171 683
E 173 175
E 177 178
E 179 243
E 179 183
E 180 184
E 182 2230
E 187 191
E 188 444
E 189 190
E 190 446
E 190 192
E 197 229
E 197 205
E 198 1222
E 200 2248
E 204 208
E 207 223
E 209 1233
E 211 2259
E 212 244
E 217 729
E 218 222
E 218 220
E 225 233
E 226 228
E 227 483
E 231 743
E 233 489
E 234 236
E 237 2285
E 237 238
E 239 2287
E 239 751
E 243 251
E 245 253
E 246 502
E 247 1271
E 248 2296
E 248 760
E 251 255
E 255 767
E 257 1281
E 258 322
E 259 267
E 262 326
E 263 279
E 264 392
E 265 777
E 265 297
E 265 267
E 267 1291
E 268 272
E 270 1294
E 270 302
E 272 400
E 273 305
E 274 338
E 276 340
E 276 308
E 279 791
E 283 2331
E 288 352
E 289 801
E 289 290
E 290 292
E 291 295
E 298 302
E 299 2347
E 302 430
E 302 366
E 304 816
E 304 320
E 305 369
E 305 307
E 307 308
E 309 311
E 311 312
E 312 376
E 313 825
E 316 380
E 319 447
E 320 1344
E 320 832
E 320 448
E 323 2371
E 325 341
E 326 342
E 327 359
E 327 335
E 329 2377
E 336 2384
E 337 345
E 340 468
E 342 350
E 343 344
E 349 861
E 351 2399
E 352 864
E 352 384
E 355 356
E 356 868
E 357 1381
E 360 1384
E 362 378
E 363 2411
E 363 367
E 365 493
E 370 378
E 375 887
E 381 893
E 382 894
E 383 1407
E 383 895
E 383 511
E 383 384
E 385 2433
E 386 402
E 389 405
E 390 398
E 391 423
E 392 456
E 394 426
E 397 1421
E 400 2448
E 401 433
E 401 403
E 402 404
E 403 2451
E 403 467
E 404 2452
E 405 917
E 406 408
E 409 410
E 410 442
E 410 412
E 412 476
E 414 1438
E 420 436
E 422 1446
E 422 934
E 424 488
E 425 429
E 426 442
E 426 428
E 427 491
E 431 2479
E 432 2480
E 433 945
E 437 438
E 444 1468
E 445 447
E 446 510
E 449 457
E 451 452
E 453 965
E 455 967
E 465 467
E 467 475
E 470 982
E 479 991
E 480 1504
E 481 993
E 482 2530
E 482 1506
E 485 487
E 486 998
E 488 504
E 490 1514
E 499 1011
E 502 510
E 505 509
E 507 508
E 509 1533
E 512 2560
E 514 770
E 515 643
E 515 579
E 516 2564
E 516 772
E 524 2572
E 524 588
E 524 528
E 529 785
E 531 1555
E 531 659
E 533 661
E 534 536
E 536 568
E 536 544
E 538 540
E 540 2588
E 540 796
E 541 1565
E 543 671
E 543 575
E 547 2595
E 548 612
E 551 1575
E 551 679
E 554 570
E 557 2605
E 557 558
E 558 622
E 558 574
E 559 687
E 560 624
E 561 563
E 567 823
E 570 574
E 571 699
E 571 575
E 573 575
E 576 704
E 576 640
E 577 609
E 578 706
E 579 2627
E 579 611
E 579 580
E 580 2628
E 582 598
E 583 711
E 583 591
E 586 714
E 588 844
E 589 845
E 591 847
E 592 720
E 592 608
E 594 598
E 595 2643
E 597 629
E 597 598
E 599 2647
E 600 2648
E 600 1624
E 603 1627
E 603 635
E 606 2654
E 606 1630
E 608 736
E 609 865
E 609 625
E 612 2660
E 612 868
E 613 2661
E 614 1638
E 614 622
E 616 624
E 619 875
E 625 2673
E 625 753
E 626 628
E 629 757
E 633 761
E 637 639
E 638 894
E 643 651
E 643 644
E 646 2694
E 646 654
E 646 648
E 647 1671
E 648 712
E 648 680
E 648 656
E 653 2701
E 658 666
E 663 2711
E 663 1687
E 663 727
E 664 2712
E 673 737
E 673 674
E 674 690
E 674 678
E 676 2724
E 680 1704
E 681 682
E 684 1708
E 687 2735
E 687 1711
E 690 694
E 692 1716
E 692 756
E 693 949
E 693 701
E 695 2743
E 698 702
E 701 1725
E 702 958
E 704 2752
E 706 1730
E 708 964
E 708 740
E 710 1734
E 711 727
E 712 728
E 712 720
E 713 969
E 713 745
E 717 749
E 718 2766
E 719 2767
E 724 1748
E 725 981
E 726 2774
E 728 1752
E 730 986
E 732 2780
E 733 1757
E 734 2782
E 735 767
E 737 745
E 739 995
E 740 996
E 743 2791
E 745 761
E 745 749
E 747 763
E 747 748
E 749 750
E 750 1006
E 750 752
E 751 752
E 756 2804
E 756 1012
E 759 760
E 765 766
E 770 834
E 772 776
E 778 906
E 784 1808
E 785 2833
E 785 787
E 787 795
E 791 823
E 793 797
E 795 1819
E 797 925
E 798 926
E 801 809
E 802 806
E 803 804
E 805 2853
E 805 933
E 812 940
E 813 877
E 814 2862
E 817 818
E 818 2866
E 818 946
E 819 827
E 821 949
E 821 885
E 822 886
E 823 951
E 823 887
E 829 2877
E 832 2880
E 833 841
E 837 965
E 838 2886
E 840 968
E 844 2892
E 845 846
E 854 2902
E 855 887
E 855 863
E 857 2905
E 860 864
E 871 2919
E 875 891
E 883 887
E 885 893
E 887 888
E 888 2936
E 889 891
E 891 2939
E 892 2940
E 897 929
E 897 913
E 900 916
E 904 920
E 905 2953
E 909 1933
E 911 1935
E 913 917
E 914 978
E 914 922
E 914 918
E 914 916
E 917 981
E 921 953
E 922 1946
E 922 986
E 924 2972
E 928 2976
E 933 941
E 934 950
E 938 1962
E 939 1963
E 940 2988
E 940 956
E 942 1966
E 946 1970
E 947 951
E 950 1974
E 951 1975
E 951 959
E 960 1984
E 960 1024
E 962 1986
E 962 966
E 965 1989
E 967 1991
E 967 975
E 967 968
E 969 973
E 975 991
E 977 985
E 977 979
E 977 978
E 979 3027
E 979 983
E 979 980
E 980 2004
E 989 991
E 989 990
E 991 2015
E 993 3041
E 993 1001
E 997 1013
E 1006 1022
E 1007 2031
E 1008 1024
E 1009 2033
E 1011 3059
E 1012 1016
E 1014 2038
E 1015 3063
E 1017 3065
E 1018 1022
E 1025 1057
E 1030 1286
E 1030 1062
E 1032 1288
E 1032 1048
E 1033 1097
E 1033 1035
E 1039 1167
E 1043 1075
E 1044 1300
E 1046 1302
E 1047 1303
E 1048 1304
E 1049 3097
E 1049 1081
E 1050 1082
E 1056 1184
E 1057 1185
E 1059 1123
E 1063 1127
E 1066 1082
E 1067 1083
E 1075 1331
E 1076 1588
E 1076 1140
E 1076 1084
E 1077 1141
E 1078 1590
E 1080 1592
E 1083 1595
E 1085 1597
E 1089 1091
E 1090 1122
E 1094 1126
E 1095 1607
E 1095 1111
E 1097 3145
E 1097 1101
E 1098 3146
E 1099 1100
E 1100 1612
E 1100 1228
E 1101 1613
E 1103 3151
E 1103 1104
E 1107 1619
E 1107 1115
E 1109 1110
E 1110 1142
E 1114 1116
E 1115 1371
E 1116 1120
E 1121 1377
E 1121 1125
E 1122 1124
E 1123 1127
E 1124 1140
E 1125 1637
E 1126 1382
E 1127 1255
E 1130 1386
E 1131 1387
E 1137 1141
E 1139 3187
E 1140 1268
E 1143 1144
E 1144 3192
E 1144 1656
E 1147 1659
E 1149 3197
E 1153 1169
E 1154 3202
E 1154 1162
E 1156 1668
E 1156 1160
E 1157 1669
E 1157 1189
E 1157 1165
E 1159 3207
E 1159 1671
E 1160 1168
E 1163 1675
E 1165 1421
E 1165 1197
E 1165 1166
E 1166 1678
E 1167 1679
E 1169 1233
E 1174 3222
E 1177 1179
E 1179 1435
E 1179 1180
E 1181 1693
E 1181 1437
E 1182 1246
E 1185 1249
E 1185 1187
E 1186 1442
E 1186 1194
E 1188 1192
E 1189 3237
E 1193 3241
E 1194 1210
E 1195 1707
E 1195 1211
E 1197 3245
E 1197 1709
E 1197 1453
E 1197 1198
E 1199 1200
E 1200 1456
E 1200 1264
E 1203 3251
E 1203 1211
E 1204 1212
E 1213 1725
E 1217 1218
E 1218 1234
E 1218 1222
E 1222 1254
E 1230 1246
E 1231 3279
E 1235 3283
E 1235 1747
E 1235 1236
E 1236 1268
E 1238 3286
E 1238 1246
E 1243 1247
E 1248 1504
E 1250 1252
E 1255 1767
E 1255 1256
E 1257 1261
E 1257 1259
E 1257 1258
E 1260 1516
E 1267 1275
E 1268 1524
E 1271 1527
E 1273 1277
E 1275 1787
E 1277 1279
E 1281 3329
E 1281 1793
E 1282 1410
E 1282 1346
E 1284 1796
E 1288 1320
E 1291 1323
E 1297 1299
E 1298 1300
E 1301 1365
E 1301 1302
E 1303 1815
E 1303 1304
E 1304 1368
E 1305 1369
E 1305 1307
E 1305 1306
E 1306 1370
E 1308 1340
E 1314 1378
E 1314 1330
E 1315 1379
E 1316 1320
E 1317 1381
E 1318 1446
E 1320 1336
E 1321 1325
E 1322 1338
E 1323 3371
E 1324 3372
E 1329 3377
E 1330 1338
E 1331 1335
E 1333 3381
E 1338 1340
E 1345 1857
E 1345 1361
E 1345 1347
E 1348 1476
E 1348 1364
E 1352 3400
E 1352 1864
E 1354 1866
E 1357 1373
E 1365 1366
E 1367 1368
E 1368 1400
E 1370 1882
E 1374 3422
E 1376 1504
E 1377 1381
E 1378 1382
E 1379 1380
E 1386 1898
E 1389 1405
E 1394 1522
E 1395 1399
E 1395 1396
E 1396 3444
E 1396 1524
E 1396 1400
E 1397 1405
E 1397 1399
E 1400 1408
E 1403 1531
E 1405 1533
E 1410 1412
E 1413 1477
E 1414 1422
E 1416 1424
E 1417 1433
E 1418 3466
E 1418 1930
E 1419 1483
E 1419 1435
E 1419 1423
E 1420 1436
E 1421 3469
E 1421 1933
E 1424 1936
E 1426 1458
E 1433 1434
E 1437 1438
E 1438 1950
E 1439 1471
E 1442 1506
E 1445 1446
E 1446 1958
E 1450 1466
E 1453 1455
E 1458 1970
E 1458 1460
E 1460 3508
E 1461 3509
E 1463 1464
E 1465 1529
E 1466 1978
E 1468 3516
E 1468 1472
E 1470 1472
E 1476 3524
E 1476 1988
E 1477 1989
E 1478 1494
E 1483 1995
E 1483 1487
E 1484 1500
E 1485 1487
E 1490 1498
E 1491 1492
E 1492 1524
E 1497 2009
E 1498 1530
E 1500 1532
E 1500 1504
E 1501 2013
E 1501 1503
E 1503 1504
E 1515 2027
E 1526 3574
E 1529 1533
E 1531 1535
E 1532 3580
E 1535 2047
E 1541 1605
E 1544 1608
E 1544 1560
E 1544 1552
E 1547 1675
E 1549 3597
E 1549 1677
E 1554 1562
E 1555 1563
E 1557 1813
E 1557 1685
E 1561 1563
E 1561 1562
E 1562 1690
E 1563 1819
E 1563 1595
E 1566 1822
E 1569 1577
E 1570 1698
E 1572 1700
E 1573 1581
E 1578 1706
E 1578 1580
E 1579 1835
E 1581 3629
E 1581 1709
E 1582 1838
E 1584 1712
E 1585 1841
E 1588 3636
E 1589 3637
E 1589 1845
E 1589 1597
E 1591 1719
E 1593 3641
E 1594 1598
E 1595 1599
E 1596 1724
E 1596 1660
E 1601 1857
E 1601 1602
E 1602 1610
E 1603 1619
E 1603 1604
E 1605 1607
E 1605 1606
E 1606 1608
E 1609 1865
E 1610 1738
E 1610 1614
E 1611 1867
E 1613 1869
E 1618 1620
E 1620 1876
E 1622 1624
E 1625 1657
E 1627 1659
E 1629 1661
E 1631 3679
E 1635 1763
E 1636 3684
E 1637 1639
E 1642 1644
E 1645 1661
E 1648 1904
E 1649 3697
E 1649 1657
E 1651 3699
E 1659 1663
E 1660 3708
E 1662 1918
E 1665 3713
E 1665 1667
E 1666 1698
E 1669 1685
E 1674 1738
E 1684 1716
E 1690 1722
E 1691 3739
E 1693 1757
E 1698 1762
E 1706 1962
E 1707 1723
E 1709 1965
E 1709 1710
E 1711 1967
E 1714 1722
E 1719 3767
E 1719 1720
E 1721 1723
E 1722 1724
E 1729 1730
E 1731 1747
E 1738 1994
E 1741 1773
E 1741 1742
E 1744 1776
E 1746 2002
E 1746 1754
E 1746 1750
E 1746 1748
E 1747 1779
E 1747 1755
E 1749 2005
E 1749 1781
E 1749 1750
E 1750 1758
E 1753 3801
E 1753 2009
E 1754 3802
E 1754 1786
E 1754 1756
E 1755 1787
E 1756 3804
E 1761 2017
E 1762 1766
E 1763 1767
E 1765 1767
E 1772 2028
E 1773 1775
E 1775 3823
E 1776 2032
E 1776 1792
E 1777 1778
E 1778 3826
E 1779 1783
E 1779 1780
E 1789 3837
E 1793 1857
E 1794 1802
E 1795 1859
E 1797 1805
E 1801 1929
E 1802 1930
E 1802 1866
E 1803 1867
E 1803 1807
E 1804 1932
E 1805 1837
E 1806 1838
E 1808 1824
E 1811 1843
E 1813 3861
E 1819 1820
E 1822 3870
E 1822 1950
E 1822 1854
E 1822 1824
E 1825 1953
E 1828 1844
E 1829 1845
E 1832 1896
E 1832 1848
E 1833 1835
E 1837 1965
E 1838 1854
E 1839 1840
E 1841 1842
E 1842 1844
E 1845 3893
E 1847 1855
E 1849 1850
E 1850 1914
E 1857 1865
E 1860 1988
E 1866 1898
E 1871 1887
E 1872 3920
E 1874 1882
E 1875 1876
E 1876 1884
E 1877 1878
E 1882 1914
E 1884 3932
E 1886 1918
E 1887 2015
E 1893 1901
E 1894 3942
E 1896 3944
E 1896 1904
E 1897 1901
E 1899 1903
E 1901 2029
E 1901 1917
E 1901 1902
E 1903 2031
E 1904 3952
E 1908 1912
E 1910 1912
E 1911 1919
E 1912 1920
E 1916 2044
E 1917 1918
E 1923 1939
E 1923 1927
E 1925 1989
E 1925 1941
E 1926 1990
E 1926 1958
E 1929 3977
E 1930 1932
E 1932 1936
E 1934 3982
E 1937 1945
E 1939 3987
E 1941 2005
E 1941 1942
E 1942 1974
E 1958 4006
E 1970 1978
E 1972 2036
E 1974 1982
E 1979 1980
E 1980 2044
E 1981 1982
E 1982 1984
E 1985 1993
E 1986 1988
E 1987 1995
E 1990 4038
E 1991 4039
E 2002 2034
E 2004 2036
E 2008 2040
E 2009 2013
E 2013 4061
E 2015 2016
E 2017 2033
E 2019 4067
E 2019 2035
E 2019 2023
E 2033 2037
E 2034 2042
E 2038 4086
E 2040 2048
E 2041 2042
E 2042 4090
E 2050 2562
E 2051 2307
E 2052 2084
E 2053 3077
E 2053 2565
E 2053 2054
E 2054 2070
E 2060 3084
E 2061 2189
E 2061 2093
E 2061 2063
E 2066 3090
E 2066 2130
E 2068 3092
E 2068 2076
E 2069 2325
E 2069 2197
E 2070 2326
E 2070 2072
E 2072 2104
E 2073 2137
E 2075 2076
E 2076 2140
E 2077 2109
E 2081 2593
E 2081 2337
E 2082 2338
E 2085 2597
E 2085 2086
E 2090 3114
E 2092 2108
E 2095 3119
E 2097 3121
E 2097 2098
E 2100 2228
E 2105 3129
E 2107 2108
E 2108 3132
E 2108 2364
E 2111 2367
E 2114 2130
E 2115 2131
E 2128 2384
E 2128 2256
E 2129 2131
E 2129 2130
E 2133 2389
E 2136 2648
E 2136 2264
E 2138 3162
E 2138 2142
E 2140 2144
E 2143 3167
E 2148 2660
E 2148 2404
E 2148 2156
E 2153 2155
E 2154 2156
E 2155 2159
E 2163 2675
E 2164 2420
E 2165 3189
E 2166 2678
E 2167 2175
E 2168 3192
E 2168 2424
E 2175 2176
E 2176 2304
E 2179 2195
E 2179 2187
E 2180 2196
E 2181 2437
E 2181 2245
E 2181 2213
E 2181 2183
E 2184 2440
E 2185 2697
E 2185 2249
E 2188 2204
E 2189 2190
E 2190 2702
E 2190 2446
E 2190 2192
E 2191 2207
E 2192 2224
E 2194 2450
E 2194 2258
E 2194 2226
E 2197 2229
E 2200 2232
E 2210 2722
E 2211 3235
E 2212 2216
E 2213 2277
E 2214 2726
E 2214 2470
E 2215 3239
E 2217 2219
E 2219 2235
E 2222 2286
E 2222 2224
E 2224 2480
E 2225 2233
E 2232 3256
E 2233 3257
E 2240 2304
E 2243 2244
E 2245 2253
E 2253 2255
E 2258 2770
E 2259 2263
E 2259 2260
E 2261 2269
E 2261 2262
E 2262 2774
E 2262 2270
E 2263 2271
E 2264 3288
E 2264 2520
E 2265 2266
E 2267 2523
E 2273 2274
E 2277 2278
E 2278 2280
E 2280 2792
E 2281 2297
E 2282 2298
E 2286 2542
E 2291 2295
E 2300 2304
E 2303 2559
E 2306 2370
E 2306 2338
E 2307 2311
E 2313 2441
E 2318 2350
E 2320 2352
E 2322 3346
E 2323 2451
E 2324 2388
E 2325 2453
E 2326 3350
E 2329 2330
E 2331 3355
E 2331 2363
E 2332 2364
E 2334 3358
E 2337 2345
E 2343 2359
E 2344 2352
E 2345 2349
E 2349 2413
E 2357 2869
E 2359 2871
E 2361 2873
E 2361 2365
E 2367 2879
E 2369 2881
E 2369 2385
E 2374 2502
E 2376 3400
E 2378 2890
E 2378 2394
E 2380 2508
E 2389 3413
E 2390 2518
E 2394 2396
E 2397 2399
E 2404 2412
E 2405 2406
E 2408 2920
E 2412 2540
E 2416 2432
E 2417 2545
E 2420 2428
E 2421 3445
E 2421 2422
E 2422 2424
E 2425 3449
E 2432 2944
E 2435 3459
E 2437 3461
E 2437 2453
E 2437 2445
E 2438 2950
E 2439 2455
E 2440 2952
E 2442 3466
E 2443 3467
E 2443 2955
E 2443 2475
E 2445 2446
E 2446 2462
E 2448 2480
E 2449 2451
E 2451 2515
E 2453 2485
E 2455 2519
E 2461 3485
E 2461 2462
E 2462 2464
E 2466 2474
E 2475 3499
E 2477 2479
E 2479 3503
E 2483 2487
E 2484 2996
E 2488 2552
E 2489 3001
E 2492 3516
E 2493 3005
E 2497 2529
E 2498 3010
E 2499 2500
E 2508 2524
E 2513 2514
E 2515 3027
E 2518 3542
E 2525 3037
E 2525 2526
E 2527 3039
E 2529 2533
E 2531 3555
E 2531 3043
E 2533 2549
E 2536 2552
E 2537 2541
E 2542 2558
E 2543 3567
E 2547 2555
E 2547 2551
E 2550 2552
E 2554 2558
E 2557 3581
E 2558 3582
E 2561 2563
E 2563 3587
E 2563 2819
E 2564 2820
E 2564 2580
E 2565 2566
E 2566 3590
E 2569 2825
E 2569 2633
E 2570 2586
E 2572 2588
E 2574 2702
E 2574 2638
E 2577 2578
E 2579 2587
E 2579 2580
E 2580 3604
E 2580 2644
E 2583 2711
E 2583 2584
E 2585 2841
E 2585 2589
E 2585 2586
E 2586 2714
E 2592 2720
E 2592 2656
E 2593 2721
E 2603 2667
E 2603 2604
E 2605 2669
E 2605 2607
E 2607 2671
E 2609 2611
E 2610 2738
E 2611 2675
E 2614 2678
E 2615 2743
E 2615 2623
E 2616 3640
E 2620 3644
E 2622 3646
E 2623 2751
E 2628 2884
E 2628 2644
E 2633 3657
E 2634 2762
E 2634 2636
E 2638 2670
E 2639 2895
E 2641 2649
E 2641 2643
E 2645 2677
E 2648 2680
E 2649 2651
E 2653 2685
E 2657 2661
E 2659 2667
E 2659 2660
E 2665 2921
E 2666 2670
E 2667 2923
E 2670 2926
E 2673 2674
E 2678 2806
E 2678 2686
E 2685 2941
E 2689 2753
E 2689 2721
E 2689 2691
E 2690 2722
E 2690 2698
E 2691 2692
E 2695 3719
E 2695 2711
E 2695 2703
E 2697 2713
E 2699 2763
E 2699 2703
E 2700 2716
E 2701 3725
E 2701 2717
E 2704 2736
E 2708 2712
E 2710 2742
E 2711 2967
E 2711 2719
E 2712 2720
E 2713 3737
E 2713 2969
E 2716 2972
E 2719 2751
E 2720 3744
E 2720 2976
E 2725 2741
E 2725 2726
E 2726 2742
E 2728 3752
E 2728 2984
E 2728 2744
E 2728 2736
E 2729 2730
E 2730 3754
E 2731 2795
E 2731 2732
E 2732 2796
E 2733 2734
E 2734 2798
E 2749 2813
E 2749 2750
E 2753 3009
E 2758 2790
E 2761 2793
E 2765 3789
E 2769 2777
E 2769 2770
E 2772 3796
E 2772 2780
E 2777 2779
E 2777 2778
E 2778 2780
E 2779 3035
E 2789 2791
E 2794 3050
E 2794 2798
E 2798 3822
E 2801 2809
E 2806 3062
E 2815 3071
E 2818 2820
E 2820 3844
E 2821 2949
E 2824 2840
E 2824 2832
E 2825 2829
E 2825 2826
E 2836 2900
E 2836 2844
E 2838 2902
E 2839 2967
E 2840 2848
E 2844 2848
E 2850 3874
E 2850 2852
E 2856 2920
E 2856 2872
E 2858 2874
E 2859 2875
E 2860 3884
E 2862 2990
E 2863 3887
E 2866 3890
E 2867 2931
E 2869 2997
E 2871 2872
E 2872 2936
E 2875 2879
E 2876 3900
E 2876 2940
E 2877 3901
E 2880 2944
E 2881 2882
E 2882 2898
E 2890 3018
E 2891 2892
E 2895 2911
E 2900 3924
E 2900 2908
E 2907 2911
E 2917 3941
E 2923 3947
E 2923 3051
E 2925 2941
E 2933 3957
E 2935 2936
E 2936 3064
E 2939 3067
E 2943 3967
E 2943 3071
E 2945 2946
E 2946 3010
E 2949 2951
E 2950 3974
E 2953 2985
E 2961 2962
E 2963 2995
E 2966 2998
E 2970 2974
E 2989 3005
E 2996 3004
E 2997 3005
E 2997 2999
E 3000 4024
E 3002 3066
E 3004 3068
E 3005 3006
E 3009 3025
E 3011 3043
E 3013 3015
E 3016 3048
E 3018 3020
E 3022 3024
E 3025 3029
E 3025 3026
E 3028 3032
E 3029 4053
E 3032 3040
E 3039 4063
E 3043 4067
E 3054 3070
E 3058 3062
E 3061 4085
E 3062 3070
E 3063 4087
E 3065 4089
E 3065 3067
E 3076 3140
E 3077 3109
E 3077 3093
E 3080 3144
E 3081 3209
E 3081 3082
E 3085 3149
E 3087 3103
E 3087 3088
E 3091 3603
E 3091 3155
E 3091 3095
E 3092 3604
E 3093 3157
E 3095 3351
E 3095 3096
E 3096 3160
E 3102 3358
E 3105 3617
E 3105 3233
E 3106 3114
E 3108 3620
E 3110 3126
E 3114 3370
E 3115 3131
E 3115 3119
E 3116 3628
E 3117 3373
E 3117 3181
E 3118 3374
E 3121 3129
E 3122 3130
E 3122 3124
E 3130 3386
E 3130 3132
E 3132 3136
E 3133 3389
E 3137 3153
E 3137 3145
E 3138 3146
E 3140 3396
E 3141 3149
E 3143 3271
E 3143 3175
E 3145 3149
E 3146 3162
E 3148 3276
E 3149 3405
E 3150 3166
E 3155 3667
E 3155 3156
E 3156 3284
E 3162 3674
E 3171 3179
E 3171 3172
E 3175 3176
E 3176 3304
E 3176 3184
E 3177 3689
E 3177 3179
E 3180 3436
E 3180 3308
E 3180 3184
E 3184 3696
E 3187 3315
E 3187 3191
E 3189 3191
E 3191 3199
E 3193 3705
E 3197 3709
E 3197 3199
E 3198 3454
E 3202 3204
E 3204 3268
E 3204 3236
E 3207 3223
E 3207 3208
E 3208 3720
E 3208 3464
E 3209 3210
E 3210 3226
E 3212 3468
E 3214 3470
E 3217 3473
E 3219 3283
E 3219 3227
E 3221 3229
E 3221 3222
E 3225 3481
E 3225 3229
E 3234 3490
E 3234 3236
E 3235 3747
E 3237 3239
E 3238 3246
E 3243 3244
E 3244 3308
E 3246 3502
E 3250 3506
E 3250 3258
E 3251 3259
E 3251 3252
E 3254 3262
E 3256 3768
E 3257 3258
E 3265 3521
E 3265 3281
E 3268 3524
E 3271 3279
E 3274 3306
E 3277 3278
E 3282 3794
E 3284 3796
E 3286 3294
E 3289 3293
E 3291 3803
E 3292 3548
E 3293 3549
E 3298 3810
E 3301 3302
E 3302 3304
E 3305 3561
E 3306 3310
E 3307 3563
E 3308 3820
E 3309 3565
E 3309 3325
E 3313 3315
E 3314 3826
E 3319 3831
E 3325 3837
E 3329 3841
E 3329 3393
E 3331 3347
E 3331 3332
E 3333 3461
E 3336 3400
E 3339 3851
E 3340 3852
E 3340 3468
E 3342 3406
E 3346 3354
E 3346 3350
E 3347 3351
E 3348 3356
E 3350 3862
E 3354 3386
E 3354 3358
E 3356 3360
E 3361 3873
E 3364 3380
E 3367 3383
E 3369 3497
E 3369 3371
E 3372 3436
E 3375 3391
E 3378 3506
E 3378 3442
E 3385 3386
E 3389 3453
E 3394 3906
E 3400 3408
E 3403 3404
E 3404 3532
E 3405 3533
E 3411 3539
E 3416 3424
E 3417 3929
E 3423 3935
E 3423 3455
E 3423 3424
E 3434 3436
E 3437 3453
E 3439 3567
E 3441 3449
E 3441 3445
E 3441 3442
E 3446 3574
E 3456 3968
E 3460 3524
E 3461 3973
E 3462 3974
E 3464 3528
E 3464 3472
E 3466 3470
E 3467 3471
E 3469 3470
E 3470 3502
E 3470 3486
E 3471 3535
E 3473 3537
E 3473 3474
E 3474 3506
E 3475 3539
E 3485 3997
E 3489 3553
E 3491 3499
E 3493 3495
E 3495 3503
E 3500 4012
E 3500 3564
E 3502 3566
E 3509 4021
E 3509 3510
E 3511 4023
E 3513 4025
E 3513 3517
E 3517 3518
E 3518 3520
E 3521 3523
E 3521 3522
E 3525 3526
E 3526 4038
E 3526 3558
E 3527 3559
E 3527 3528
E 3531 3547
E 3531 3535
E 3536 4048
E 3543 3551
E 3548 4060
E 3549 4061
E 3553 4065
E 3553 3555
E 3570 4082
E 3571 4083
E 3573 3574
E 3574 3582
E 3575 3583
E 3577 3581
E 3582 4094
E 3585 3593
E 3586 3618
E 3587 3843
E 3589 3717
E 3589 3591
E 3590 3718
E 3590 3606
E 3591 3719
E 3592 3848
E 3595 3599
E 3596 3852
E 3597 3613
E 3599 3663
E 3601 3603
E 3611 3615
E 3612 3868
E 3618 3874
E 3618 3682
E 3619 3683
E 3626 3882
E 3630 3886
E 3632 3760
E 3635 3699
E 3635 3636
E 3636 3892
E 3637 3765
E 3638 3766
E 3640 3768
E 3649 3653
E 3650 3778
E 3651 3655
E 3652 3660
E 3654 3686
E 3655 3656
E 3660 3916
E 3662 3918
E 3662 3678
E 3664 3696
E 3666 3922
E 3669 3925
E 3671 3799
E 3672 3704
E 3679 3935
E 3681 3697
E 3681 3683
E 3697 3953
E 3699 3955
E 3700 3708
E 3701 3957
E 3701 3702
E 3704 3712
E 3705 3707
E 3705 3706
E 3708 3836
E 3712 3840
E 3713 3969
E 3717 3973
E 3720 3784
E 3727 3759
E 3727 3728
E 3740 3744
E 3744 3808
E 3746 3748
E 3748 4004
E 3757 3758
E 3760 3776
E 3761 3765
E 3767 3768
E 3768 3776
E 3769 3833
E 3779 3787
E 3787 4043
E 3787 3788
E 3791 3807
E 3794 3798
E 3796 3804
E 3802 4058
E 3805 3837
E 3811 3815
E 3814 3830
E 3820 4076
E 3820 3836
E 3821 3837
E 3822 4078
E 3832 3840
E 3841 3969
E 3843 3859
E 3845 3973
E 3847 3879
E 3850 3866
E 3852 3868
E 3853 3885
E 3855 3871
E 3861 3893
E 3862 3894
E 3866 3898
E 3873 4001
E 3881 3897
E 3881 3883
E 3882 3898
E 3883 3887
E 3886 3902
E 3890 3954
E 3895 4023
E 3896 3960
E 3897 3961
E 3898 3902
E 3899 3900
E 3909 3941
E 3919 3935
E 3920 3936
E 3922 3930
E 3923 3931
E 3930 3932
E 3933 4061
E 3941 3957
E 3942 4070
E 3954 3962
E 3955 4083
E 3955 3963
E 3957 3958
E 3960 4088
E 3961 3963
E 3962 4090
E 3966 3968
E 3969 3985
E 3970 3978
E 3974 3976
E 3975 4039
E 3986 4050
E 3986 3990
E 3997 4061
E 4004 4020
E 4006 4070
E 4014 4030
E 4018 4082
E 4020 4084
E 4029 4030
E 4051 4059
E 4059 4091
E 4065 4081
E 4070 4078
E 4071 4072
E 4073 4089
E 4078 4094
E 4085 4087
E 4085 4086
E 4087 4088
E 1 1025
E 3 259
E 6 2054
E 8 40
E 10 14
E 10 12
E 12 1036
E 12 76
E 13 15
E 14 270
E 15 271
E 16 144
E 17 25
E 17 18
E 18 530
E 21 23
E 24 88
E 26 1050
E 27 31
E 31 2079
E 31 543
E 31 63
E 33 97
E 34 1058
E 34 36
E 38 1062
E 40 552
E 41 169
E 44 300
E 45 1069
E 48 176
E 49 305
E 51 1075
E 51 307
E 51 59
E 52 180
E 55 183
E 55 63
E 56 1080
E 59 187
E 60 2108
E 63 1087
E 65 67
E 66 1090
E 67 99
E 71 199
E 72 200
E 72 80
E 73 329
E 74 78
E 75 331
E 77 333
E 78 1102
E 79 1103
E 80 592
E 83 87
E 85 1109
E 85 117
E 85 87
E 87 1111
E 87 88
E 88 2136
E 90 2138
E 93 221
E 93 95
E 95 1119
E 95 127
E 96 2144
E 98 114
E 98 106
E 100 104
E 103 615
E 103 104
E 105 617
E 105 107
E 110 238
E 110 126
E 114 242
E 116 1140
E 116 124
E 117 118
E 120 1144
E 122 124
E 124 380
E 126 254
E 127 255
E 129 1153
E 129 385
E 130 146
E 131 1155
E 131 643
E 131 132
E 133 149
E 134 1158
E 135 151
E 137 139
E 138 170
E 138 142
E 139 2187
E 141 1165
E 142 398
E 146 1170
E 146 402
E 147 1171
E 149 151
E 153 1177
E 156 668
E 156 412
E 157 159
E 159 160
E 162 418
E 162 166
E 163 167
E 164 180
E 164 172
E 167 679
E 167 168
E 168 2216
E 169 1193
E 170 1194
E 170 234
E 171 172
E 177 1201
E 177 185
E 178 2226
E 181 1205
E 181 189
E 181 182
E 192 704
E 193 225
E 197 198
E 201 2249
E 201 1225
E 202 218
E 204 716
E 205 221
E 209 465
E 212 220
E 222 254
E 227 1251
E 228 236
E 231 247
E 237 493
E 242 250
E 244 500
E 245 1269
E 247 2295
E 250 2298
E 251 763
E 253 765
E 254 766
E 256 512
E 257 385
E 259 323
E 262 1286
E 263 264
E 264 272
E 267 779
E 273 1297
E 276 2324
E 281 409
E 281 285
E 283 795
E 284 796
E 287 2335
E 287 1311
E 287 799
E 288 416
E 288 320
E 290 294
E 291 292
E 292 420
E 292 308
E 294 806
E 297 301
E 298 362
E 299 1323
E 300 364
E 302 814
E 302 318
E 306 310
E 307 2355
E 307 435
E 308 372
E 312 320
E 315 443
E 321 2369
E 323 835
E 323 327
E 324 452
E 325 2373
E 326 2374
E 327 1351
E 331 363
E 333 845
E 333 365
E 333 349
E 335 2383
E 337 849
E 339 1363
E 339 851
E 339 371
E 342 2390
E 343 351
E 345 857
E 345 349
E 349 351
E 353 2401
E 353 481
E 353 369
E 354 370
E 354 358
E 355 371
E 356 360
E 357 358
E 359 360
E 361 377
E 362 2410
E 367 495
E 368 1392
E 368 384
E 374 2422
E 376 2424
E 377 1401
E 377 381
E 380 2428
E 382 1406
E 386 450
E 391 455
E 394 906
E 395 2443
E 404 408
E 405 1429
E 406 438
E 407 919
E 408 1432
E 412 444
E 414 926
E 415 479
E 415 416
E 419 931
E 421 1445
E 423 439
E 427 2475
E 429 431
E 431 495
E 432 496
E 440 1464
E 440 952
E 449 453
E 450 2498
E 451 467
E 455 487
E 455 471
E 457 459
E 459 460
E 462 974
E 463 1487
E 465 2513
E 474 986
E 476 2524
E 477 509
E 481 483
E 482 484
E 485 486
E 489 490
E 499 507
E 500 508
E 505 1017
E 507 1019
E 510 512
E 513 2561
E 513 1537
E 513 577
E 515 547
E 515 531
E 517 1541
E 523 524
E 526 654
E 528 592
E 530 562
E 531 539
E 531 535
E 532 536
E 533 541
E 533 535
E 544 1568
E 545 1569
E 545 609
E 547 1571
E 549 550
E 552 1576
E 554 556
E 556 560
E 558 2606
E 561 817
E 562 566
E 564 568
E 565 629
E 565 567
E 566 1590
E 566 822
E 568 1592
E 569 633
E 573 2621
E 573 829
E 574 702
E 577 833
E 578 1602
E 578 580
E 587 619
E 595 599
E 596 724
E 598 726
E 601 729
E 602 730
E 603 731
E 604 860
E 607 735
E 608 2656
E 610 614
E 613 1637
E 615 2663
E 615 871
E 620 748
E 622 638
E 623 751
E 626 634
E 629 631
E 630 2678
E 639 640
E 641 897
E 646 1670
E 646 710
E 647 663
E 654 910
E 655 2703
E 655 1679
E 659 723
E 661 917
E 664 920
E 666 698
E 670 734
E 673 689
E 675 931
E 675 683
E 677 693
E 678 1702
E 686 1710
E 689 2737
E 690 754
E 691 2739
E 691 692
E 693 757
E 702 1726
E 704 768
E 707 1731
E 707 715
E 709 717
E 710 966
E 712 744
E 714 746
E 715 719
E 715 716
E 718 720
E 725 2773
E 732 764
E 733 735
E 739 2787
E 739 755
E 740 744
E 742 998
E 744 1768
E 755 756
E 759 2807
E 768 2816
E 774 776
E 777 1801
E 778 2826
E 778 794
E 781 909
E 785 786
E 789 821
E 791 792
E 792 856
E 793 2841
E 794 826
E 795 2843
E 801 865
E 802 810
E 805 806
E 809 1833
E 810 1834
E 816 2864
E 825 2873
E 836 868
E 836 852
E 838 870
E 839 871
E 839 855
E 840 872
E 851 2899
E 854 862
E 860 1884
E 860 988
E 862 2910
E 862 990
E 863 2911
E 870 1894
E 872 1000
E 874 890
E 883 2931
E 885 2933
E 885 1013
E 886 1014
E 891 1915
E 893 1021
E 895 1919
E 901 1925
E 906 908
E 909 925
E 918 2966
E 923 924
E 924 928
E 929 930
E 930 994
E 935 951
E 941 942
E 944 960
E 945 2993
E 945 1969
E 947 2995
E 953 1017
E 956 3004
E 958 3006
E 961 969
E 966 974
E 969 970
E 971 975
E 975 3023
E 976 3024
E 982 984
E 983 2007
E 996 3044
E 1004 2028
E 1004 1008
E 1007 1008
E 1009 1013
E 1016 2040
E 1027 1043
E 1029 1037
E 1034 1546
E 1034 1162
E 1037 1101
E 1037 1069
E 1037 1038
E 1038 1040
E 1040 1296
E 1040 1072
E 1041 1169
E 1041 1049
E 1043 1171
E 1044 1076
E 1050 1114
E 1052 1056
E 1053 1565
E 1054 3102
E 1055 1183
E 1055 1119
E 1058 1314
E 1059 1571
E 1060 1188
E 1060 1076
E 1074 1138
E 1078 1334
E 1087 1343
E 1089 1345
E 1090 1092
E 1091 1603
E 1097 1099
E 1106 1362
E 1106 1138
E 1109 1237
E 1110 3158
E 1113 3161
E 1114 1242
E 1120 1152
E 1124 1380
E 1124 1132
E 1129 1131
E 1129 1130
E 1131 1147
E 1134 1150
E 1137 3185
E 1138 1650
E 1138 1146
E 1139 1147
E 1147 3195
E 1147 1148
E 1150 1278
E 1155 3203
E 1155 1411
E 1160 1224
E 1160 1176
E 1163 1227
E 1165 3213
E 1169 1173
E 1174 1238
E 1179 1243
E 1180 1212
E 1188 1444
E 1188 1252
E 1194 1706
E 1195 1196
E 1207 1463
E 1217 1473
E 1217 1219
E 1218 3266
E 1222 3270
E 1227 1259
E 1228 1260
E 1235 1239
E 1246 1758
E 1247 1759
E 1247 1279
E 1248 1760
E 1250 1258
E 1251 3299
E 1251 1507
E 1256 1264
E 1266 1270
E 1268 1276
E 1271 1783
E 1272 1528
E 1273 1274
E 1274 1278
E 1277 1789
E 1282 1794
E 1285 1349
E 1288 3336
E 1289 1293
E 1294 1310
E 1297 1425
E 1298 1362
E 1299 1307
E 1301 1813
E 1301 1333
E 1311 1343
E 1316 3364
E 1318 1830
E 1322 1326
E 1325 1327
E 1325 1326
E 1332 1340
E 1333 1341
E 1335 3383
E 1336 1848
E 1351 1863
E 1353 1369
E 1354 1356
E 1356 1372
E 1357 3405
E 1363 3411
E 1365 1493
E 1373 1374
E 1381 1893
E 1381 1383
E 1384 3432
E 1389 3437
E 1401 1403
E 1408 1536
E 1410 1922
E 1412 1428
E 1414 1430
E 1417 1929
E 1423 1935
E 1426 1490
E 1429 1461
E 1431 1495
E 1432 1944
E 1436 3484
E 1437 1439
E 1447 1959
E 1451 3499
E 1463 3511
E 1473 3521
E 1479 1495
E 1482 1994
E 1484 1996
E 1488 2000
E 1489 2001
E 1493 1495
E 1494 1526
E 1498 3546
E 1500 3548
E 1503 3551
E 1505 3553
E 1505 1509
E 1513 1529
E 1514 3562
E 1515 1516
E 1518 3566
E 1521 2033
E 1521 1522
E 1528 3576
E 1528 1536
E 1532 2044
E 1536 2048
E 1542 1606
E 1544 3592
E 1547 3595
E 1554 1558
E 1561 1817
E 1562 1564
E 1565 1567
E 1567 1631
E 1568 3616
E 1572 3620
E 1573 1701
E 1579 1643
E 1582 3630
E 1583 1839
E 1584 1648
E 1584 1600
E 1588 1652
E 1590 3638
E 1591 1599
E 1593 1849
E 1597 1598
E 1599 1727
E 1604 1732
E 1605 1733
E 1611 1739
E 1611 1627
E 1612 1644
E 1615 1871
E 1618 1626
E 1623 3671
E 1623 1624
E 1625 1881
E 1625 1627
E 1629 1757
E 1629 1630
E 1634 3682
E 1634 1642
E 1645 1773
E 1649 1777
E 1652 1908
E 1658 3706
E 1658 1914
E 1665 1666
E 1668 1700
E 1671 1927
E 1673 1674
E 1674 1676
E 1675 3723
E 1677 3725
E 1685 3733
E 1688 3736
E 1691 1755
E 1694 1758
E 1696 1760
E 1697 1761
E 1709 3757
E 1715 1716
E 1721 3769
E 1733 3781
E 1741 3789
E 1742 3790
E 1742 1998
E 1769 1770
E 1774 2030
E 1775 1776
E 1781 3829
E 1782 3830
E 1794 3842
E 1796 3844
E 1800 1864
E 1803 3851
E 1803 1931
E 1805 1821
E 1809 1937
E 1810 3858
E 1810 1842
E 1811 1819
E 1817 1818
E 1820 1948
E 1826 1842
E 1826 1834
E 1829 1831
E 1831 1847
E 1840 3888
E 1841 3889
E 1843 3891
E 1852 1980
E 1859 1891
E 1860 1868
E 1868 1872
E 1881 3929
E 1899 1900
E 1905 3953
E 1918 2046
E 1921 1929
E 1922 1954
E 1934 1950
E 1936 3984
E 1945 2009
E 1946 3994
E 1951 2015
E 1953 4001
E 1953 1969
E 1955 4003
E 1957 1965
E 1957 1959
E 1959 2023
E 1961 4009
E 1962 1964
E 1963 4011
E 1963 1967
E 1965 4013
E 1980 4028
E 1981 4029
E 1989 1997
E 1992 4040
E 1992 2008
E 1999 2015
E 1999 2000
E 2002 4050
E 2010 4058
E 2015 4063
E 2026 2042
E 2026 2030
E 2048 4096
E 2050 2114
E 2051 2083
E 2052 3076
E 2053 2085
E 2054 2310
E 2055 2311
E 2055 2183
E 2056 2568
E 2056 2312
E 2056 2120
E 2057 2185
E 2057 2073
E 2060 2092
E 2065 2321
E 2065 2073
E 2066 2098
E 2066 2074
E 2068 2196
E 2074 2138
E 2077 2589
E 2078 2110
E 2078 2080
E 2079 2591
E 2082 2098
E 2083 2084
E 2088 3112
E 2091 2347
E 2091 2219
E 2092 2096
E 2095 2351
E 2095 2223
E 2095 2096
E 2097 2101
E 2099 2107
E 2099 2103
E 2103 2231
E 2109 2237
E 2115 2243
E 2115 2123
E 2117 3141
E 2117 2373
E 2117 2125
E 2121 2122
E 2123 2155
E 2125 2127
E 2137 2265
E 2140 2396
E 2143 2271
E 2143 2175
E 2146 3170
E 2147 2659
E 2149 2405
E 2149 2157
E 2154 2170
E 2157 2158
E 2160 2288
E 2161 2163
E 2163 2291
E 2164 2172
E 2165 2173
E 2167 3191
E 2171 3195
E 2182 2190
E 2184 2216
E 2185 2441
E 2201 2203
E 2203 2459
E 2212 2468
E 2212 2220
E 2215 2279
E 2223 2239
E 2229 2293
E 2235 2299
E 2240 2496
E 2242 3266
E 2252 2508
E 2254 2766
E 2257 2513
E 2267 2779
E 2270 2272
E 2273 2281
E 2274 2530
E 2287 2799
E 2305 3329
E 2308 3332
E 2313 3337
E 2315 3339
E 2317 2829
E 2318 2446
E 2319 2335
E 2320 2448
E 2321 2329
E 2321 2323
E 2324 3348
E 2335 3359
E 2338 2466
E 2338 2402
E 2339 2343
E 2341 2853
E 2349 3373
E 2355 2419
E 2356 3380
E 2359 2487
E 2361 2362
E 2363 2367
E 2364 2368
E 2366 3390
E 2366 2494
E 2374 2382
E 2378 3402
E 2378 2506
E 2381 2893
E 2386 2898
E 2388 2516
E 2389 2391
E 2396 2908
E 2399 2431
E 2402 2406
E 2406 2414
E 2407 2408
E 2413 2541
E 2414 3438
E 2416 2544
E 2417 3441
E 2417 2929
E 2420 2548
E 2424 2552
E 2430 2432
E 2433 2434
E 2438 2502
E 2439 3463
E 2439 2951
E 2442 2458
E 2444 2956
E 2447 2959
E 2449 2481
E 2450 2454
E 2453 2517
E 2456 3480
E 2465 2467
E 2467 2979
E 2468 2484
E 2471 3495
E 2478 2542
E 2478 2494
E 2479 2543
E 2481 3505
E 2483 2547
E 2487 3511
E 2489 2493
E 2489 2490
E 2490 3514
E 2497 2499
E 2503 2519
E 2516 3540
E 2517 2549
E 2517 2525
E 2517 2519
E 2520 3032
E 2525 2557
E 2536 3048
E 2559 3583
E 2562 2626
E 2562 2578
E 2568 3592
E 2569 2601
E 2571 2587
E 2574 2590
E 2588 3612
E 2590 2718
E 2594 2596
E 2596 2724
E 2596 2660
E 2601 2602
E 2602 2618
E 2603 3627
E 2609 2610
E 2610 3634
E 2612 3636
E 2614 2622
E 2620 2748
E 2629 2885
E 2630 3654
E 2630 2646
E 2632 2640
E 2640 2768
E 2640 2656
E 2641 2769
E 2645 2773
E 2646 3670
E 2646 2654
E 2655 3679
E 2655 2687
E 2665 2669
E 2669 3693
E 2669 2925
E 2681 2809
E 2687 2815
E 2689 2690
E 2692 3716
E 2692 2756
E 2693 2694
E 2696 2712
E 2698 2762
E 2701 2765
E 2702 2704
E 2710 2718
E 2726 2790
E 2727 2735
E 2729 2745
E 2737 2801
E 2745 3001
E 2745 2747
E 2750 2752
E 2753 2761
E 2759 2767
E 2760 3016
E 2767 2783
E 2774 3030
E 2786 2794
E 2799 2800
E 2800 3824
E 2809 2810
E 2825 2953
E 2832 3856
E 2840 3864
E 2841 2845
E 2842 2970
E 2845 2846
E 2846 2878
E 2852 2860
E 2853 2981
E 2854 2856
E 2855 2863
E 2864 3888
E 2874 3002
E 2896 3920
E 2901 3925
E 2901 3029
E 2903 2904
E 2923 2924
E 2924 2928
E 2928 3056
E 2930 3954
E 2930 2934
E 2946 3970
E 2949 3013
E 2952 2968
E 2956 3020
E 2957 2959
E 2957 2958
E 2958 2974
E 2959 2975
E 2960 3984
E 2961 3985
E 2961 2965
E 2967 3991
E 2975 3007
E 2979 2983
E 2981 2983
E 2988 4012
E 2989 2991
E 2998 3000
E 3007 4031
E 3015 3031
E 3022 4046
E 3022 3054
E 3026 3034
E 3032 4056
E 3041 3049
E 3049 3053
E 3058 3066
E 3073 3081
E 3077 3079
E 3080 3592
E 3081 3145
E 3081 3113
E 3083 3339
E 3084 3148
E 3103 3167
E 3105 3109
E 3106 3108
E 3110 3238
E 3119 3247
E 3132 3644
E 3139 3171
E 3144 3656
E 3153 3161
E 3157 3285
E 3159 3160
E 3165 3167
E 3166 3678
E 3166 3422
E 3169 3681
E 3169 3171
E 3170 3298
E 3178 3180
E 3185 3441
E 3186 3442
E 3205 3213
E 3215 3279
E 3217 3729
E 3227 3291
E 3232 3296
E 3234 3746
E 3234 3298
E 3240 3752
E 3240 3496
E 3241 3242
E 3243 3307
E 3247 3263
E 3247 3248
E 3248 3312
E 3253 3509
E 3254 3510
E 3258 3770
E 3262 3518
E 3275 3276
E 3276 3788
E 3278 3294
E 3281 3793
E 3281 3282
E 3302 3310
E 3306 3818
E 3307 3311
E 3312 3328
E 3314 3570
E 3314 3318
E 3315 3323
E 3315 3319
E 3330 3842
E 3356 3484
E 3356 3388
E 3357 3389
E 3359 3487
E 3369 3433
E 3374 3390
E 3377 3505
E 3380 3384
E 3385 3387
E 3387 3899
E 3391 3455
E 3394 3410
E 3395 3907
E 3395 3427
E 3397 3909
E 3397 3413
E 3398 3526
E 3399 3400
E 3410 3442
E 3416 3544
E 3426 3434
E 3427 3555
E 3429 3941
E 3445 3447
E 3450 3452
E 3451 3455
E 3452 3580
E 3454 3456
E 3459 3463
E 3473 3477
E 3497 4009
E 3515 4027
E 3520 3584
E 3521 3529
E 3528 3536
E 3544 3552
E 3547 4059
E 3556 3564
E 3573 3575
E 3585 3586
E 3589 3653
E 3590 3598
E 3596 3660
E 3599 3727
E 3603 3611
E 3607 3615
E 3609 3673
E 3609 3641
E 3610 3674
E 3615 3743
E 3615 3647
E 3622 3686
E 3628 3632
E 3645 3901
E 3656 3688
E 3657 3913
E 3660 3692
E 3661 3663
E 3670 3672
E 3676 3804
E 3681 3809
E 3681 3685
E 3683 3811
E 3684 3692
E 3687 3815
E 3687 3695
E 3694 3710
E 3703 3831
E 3706 3710
E 3724 3756
E 3730 3986
E 3731 3739
E 3732 3764
E 3753 3817
E 3766 3830
E 3777 3785
E 3778 3786
E 3784 3792
E 3785 3789
E 3791 3792
E 3802 3834
E 3811 3819
E 3817 3818
E 3831 3839
E 3845 3877
E 3846 3862
E 3848 3880
E 3879 4007
E 3881 3885
E 3896 3904
E 3904 4032
E 3921 3923
E 3923 3955
E 3925 3927
E 3937 4065
E 3940 4068
E 3940 3944
E 3941 4069
E 3946 3962
E 3958 3966
E 3971 3987
E 3972 4036
E 3972 3976
E 3975 3983
E 3978 3980
E 3984 4000
E 4003 4019
E 4010 4012
E 4014 4016
E 4019 4027
E 4019 4023
E 4029 4093
E 4031 4032
E 4046 4062
E 4066 4068
E 4071 4087
E 19 147
E 29 1053
E 29 30
E 35 99
E 54 310
E 65 2113
E 68 2116
E 74 330
E 83 91
E 104 112
E 116 628
E 121 122
E 132 388
E 132 196
E 134 150
E 138 2186
E 139 155
E 143 2191
E 149 213
E 155 667
E 184 248
E 201 217
E 212 216
E 232 1256
E 241 245
E 242 498
E 261 389
E 263 1287
E 274 278
E 282 2330
E 284 348
E 335 1359
E 378 890
E 386 898
E 405 407
E 406 1430
E 435 1459
E 437 445
E 440 504
E 453 469
E 469 470
E 485 501
E 517 525
E 519 775
E 521 537
E 525 2573
E 527 559
E 528 2576
E 537 538
E 549 557
E 564 572
E 571 2619
E 609 1633
E 650 906
E 665 921
E 667 2715
E 723 2771
E 726 734
E 769 777
E 794 858
E 795 859
E 801 2849
E 802 804
E 809 813
E 811 815
E 818 882
E 818 820
E 819 823
E 839 2887
E 856 1880
E 880 2928
E 897 899
E 900 1924
E 930 2978
E 996 2020
E 1034 1290
E 1036 1052
E 1041 1105
E 1054 1118
E 1078 1206
E 1085 1086
E 1102 1358
E 1105 1617
E 1115 3163
E 1120 1632
E 1141 1653
E 1142 1270
E 1148 3196
E 1185 1441
E 1212 1216
E 1256 1512
E 1285 1287
E 1289 1290
E 1305 1337
E 1318 3366
E 1358 3406
E 1361 1489
E 1368 1496
E 1372 1404
E 1426 1938
E 1455 1519
E 1486 3534
E 1486 1518
E 1540 1668
E 1558 1814
E 1575 3623
E 1602 3650
E 1634 1890
E 1635 1891
E 1672 1704
E 1684 3732
E 1688 1752
E 1694 3742
E 1701 3749
E 1704 1960
E 1708 3756
E 1762 1770
E 1766 2022
E 1796 1812
E 1862 1894
E 1878 1910
E 1921 1985
E 1942 2006
E 2009 2011
E 2062 2574
E 2083 3107
E 2084 2088
E 2092 2348
E 2119 2127
E 2120 2152
E 2125 2381
E 2130 2162
E 2144 2400
E 2160 2176
E 2162 2290
E 2172 2684
E 2177 2689
E 2203 2267
E 2219 2731
E 2226 2482
E 2239 2495
E 2244 2276
E 2270 2302
E 2283 2299
E 2312 2328
E 2314 2318
E 2318 2830
E 2319 2831
E 2353 2481
E 2357 2358
E 2373 2885
E 2391 2903
E 2402 2914
E 2406 2534
E 2452 2456
E 2496 3008
E 2507 2523
E 2509 3533
E 2512 2544
E 2513 2521
E 2577 2705
E 2581 2613
E 2600 2616
E 2608 2672
E 2608 2624
E 2613 3637
E 2634 2650
E 2661 2662
E 2672 2928
E 2747 3771
E 2760 2776
E 2795 2811
E 2874 2938
E 2900 2932
E 2915 2919
E 2919 3943
E 2948 3972
E 3003 3067
E 3009 3017
E 3047 4071
E 3078 3094
E 3092 3100
E 3094 3096
E 3110 3174
E 3183 3439
E 3212 3724
E 3220 3252
E 3252 3316
E 3259 3260
E 3296 3808
E 3322 3834
E 3343 3375
E 3345 3473
E 3367 3879
E 3372 3376
E 3396 3404
E 3457 3489
E 3481 3483
E 3497 3561
E 3568 3584
E 3619 3875
E 3651 3659
E 3693 3949
E 3699 3827
E 3710 3838
E 3722 3754
E 3786 4042
E 3823 4079
E 3912 4040
E 3926 3958
E 3988 4020
E 37 165
E 61 62
E 71 327
E 210 1234
E 555 571
E 676 932
E 806 808
E 811 875
E 1035 1051
E 1120 3168
E 1135 3183
E 1181 1245
E 1184 1440
E 1205 1717
E 1221 1237
E 1337 1339
E 1486 1502
E 1543 1671
E 1607 1735
E 1670 1686
E 1671 1703
E 1681 3729
E 1807 3855
E 1997 4045
E 2234 2490
E 2256 3280
E 2349 2861
E 2386 2418
E 2534 3046
E 2565 2567
E 2671 2927
E 2820 2828
E 2841 3865
E 3127 3383
E 3146 3658
E 3379 3891
E 3420 3424
E 3801 4057
E 3810 3812
E 65 81
E 721 753
E 1916 3964
E 2087 2103
E 2114 2118
E 2442 2954
E 3295 3807
E 3483 3995
E 3645 3773
E 3777 4033
E 2395 2907
E 2206 2270
